# JRE version: OpenJDK Runtime Environment (17.0.10) (build 17.0.10+0--11609105)
# Java VM: OpenJDK 64-Bit Server VM (17.0.10+0--11609105, mixed mode, tiered, compressed oops, compressed class ptrs, g1 gc, windows-amd64)
GC Precious Log:
 CPUs: 8 total, 8 available
 Memory: 8039M
 Large Page Support: Disabled
 NUMA Support: Disabled
 Compressed Oops: Enabled (32-bit)
 Heap Region Size: 1M
 Heap Min Capacity: 8M
 Heap Initial Capacity: 126M
 Heap Max Capacity: 2G
 Pre-touch: Disabled
 Parallel Workers: 8
 Concurrent Workers: 2
 Concurrent Refinement Workers: 8
 Periodic GC: Disabled
Heap:
 garbage-first heap   total 203776K, used 160703K [0x0000000080000000, 0x0000000100000000)
  region size 1024K, 19 young (19456K), 3 survivors (3072K)
 Metaspace       used 107948K, committed 109056K, reserved 1179648K
  class space    used 14906K, committed 15424K, reserved 1048576K
GC Heap History (20 events):
Event: 25.881 GC heap before
{Heap before GC invocations=46 (full 0):
 garbage-first heap   total 203776K, used 170060K [0x0000000080000000, 0x0000000100000000)
  region size 1024K, 52 young (53248K), 4 survivors (4096K)
 Metaspace       used 105266K, committed 106176K, reserved 1179648K
  class space    used 14648K, committed 15104K, reserved 1048576K
}
Event: 25.885 GC heap after
{Heap after GC invocations=47 (full 0):
 garbage-first heap   total 203776K, used 122311K [0x0000000080000000, 0x0000000100000000)
  region size 1024K, 5 young (5120K), 5 survivors (5120K)
 Metaspace       used 105266K, committed 106176K, reserved 1179648K
  class space    used 14648K, committed 15104K, reserved 1048576K
}
Event: 26.122 GC heap before
{Heap before GC invocations=47 (full 0):
 garbage-first heap   total 203776K, used 170439K [0x0000000080000000, 0x0000000100000000)
  region size 1024K, 53 young (54272K), 5 survivors (5120K)
 Metaspace       used 105310K, committed 106240K, reserved 1179648K
  class space    used 14648K, committed 15104K, reserved 1048576K
}
Event: 26.127 GC heap after
{Heap after GC invocations=48 (full 0):
 garbage-first heap   total 203776K, used 124287K [0x0000000080000000, 0x0000000100000000)
  region size 1024K, 5 young (5120K), 5 survivors (5120K)
 Metaspace       used 105310K, committed 106240K, reserved 1179648K
  class space    used 14648K, committed 15104K, reserved 1048576K
}
Event: 26.337 GC heap before
{Heap before GC invocations=48 (full 0):
 garbage-first heap   total 203776K, used 171391K [0x0000000080000000, 0x0000000100000000)
  region size 1024K, 52 young (53248K), 5 survivors (5120K)
 Metaspace       used 105360K, committed 106304K, reserved 1179648K
  class space    used 14651K, committed 15104K, reserved 1048576K
}
Event: 26.341 GC heap after
{Heap after GC invocations=49 (full 0):
 garbage-first heap   total 203776K, used 125845K [0x0000000080000000, 0x0000000100000000)
  region size 1024K, 4 young (4096K), 4 survivors (4096K)
 Metaspace       used 105360K, committed 106304K, reserved 1179648K
  class space    used 14651K, committed 15104K, reserved 1048576K
}
Event: 26.852 GC heap before
{Heap before GC invocations=49 (full 0):
 garbage-first heap   total 203776K, used 169877K [0x0000000080000000, 0x0000000100000000)
  region size 1024K, 48 young (49152K), 4 survivors (4096K)
 Metaspace       used 106535K, committed 107520K, reserved 1179648K
  class space    used 14828K, committed 15296K, reserved 1048576K
}
Event: 26.858 GC heap after
{Heap after GC invocations=50 (full 0):
 garbage-first heap   total 203776K, used 127555K [0x0000000080000000, 0x0000000100000000)
  region size 1024K, 4 young (4096K), 4 survivors (4096K)
 Metaspace       used 106535K, committed 107520K, reserved 1179648K
  class space    used 14828K, committed 15296K, reserved 1048576K
}
Event: 409.034 GC heap before
{Heap before GC invocations=50 (full 0):
 garbage-first heap   total 203776K, used 171587K [0x0000000080000000, 0x0000000100000000)
  region size 1024K, 47 young (48128K), 4 survivors (4096K)
 Metaspace       used 106876K, committed 107840K, reserved 1179648K
  class space    used 14841K, committed 15296K, reserved 1048576K
}
Event: 409.073 GC heap after
{Heap after GC invocations=51 (full 0):
 garbage-first heap   total 203776K, used 131615K [0x0000000080000000, 0x0000000100000000)
  region size 1024K, 5 young (5120K), 5 survivors (5120K)
 Metaspace       used 106876K, committed 107840K, reserved 1179648K
  class space    used 14841K, committed 15296K, reserved 1048576K
}
Event: 412.324 GC heap before
{Heap before GC invocations=51 (full 0):
 garbage-first heap   total 203776K, used 170527K [0x0000000080000000, 0x0000000100000000)
  region size 1024K, 43 young (44032K), 5 survivors (5120K)
 Metaspace       used 107296K, committed 108288K, reserved 1179648K
  class space    used 14860K, committed 15360K, reserved 1048576K
}
Event: 412.336 GC heap after
{Heap after GC invocations=52 (full 0):
 garbage-first heap   total 203776K, used 136813K [0x0000000080000000, 0x0000000100000000)
  region size 1024K, 6 young (6144K), 6 survivors (6144K)
 Metaspace       used 107296K, committed 108288K, reserved 1179648K
  class space    used 14860K, committed 15360K, reserved 1048576K
}
Event: 414.566 GC heap before
{Heap before GC invocations=52 (full 0):
 garbage-first heap   total 203776K, used 170605K [0x0000000080000000, 0x0000000100000000)
  region size 1024K, 39 young (39936K), 6 survivors (6144K)
 Metaspace       used 107525K, committed 108544K, reserved 1179648K
  class space    used 14866K, committed 15360K, reserved 1048576K
}
Event: 414.586 GC heap after
{Heap after GC invocations=53 (full 0):
 garbage-first heap   total 203776K, used 141494K [0x0000000080000000, 0x0000000100000000)
  region size 1024K, 5 young (5120K), 5 survivors (5120K)
 Metaspace       used 107525K, committed 108544K, reserved 1179648K
  class space    used 14866K, committed 15360K, reserved 1048576K
}
Event: 415.947 GC heap before
{Heap before GC invocations=53 (full 0):
 garbage-first heap   total 203776K, used 170166K [0x0000000080000000, 0x0000000100000000)
  region size 1024K, 34 young (34816K), 5 survivors (5120K)
 Metaspace       used 107656K, committed 108672K, reserved 1179648K
  class space    used 14873K, committed 15360K, reserved 1048576K
}
Event: 415.958 GC heap after
{Heap after GC invocations=54 (full 0):
 garbage-first heap   total 203776K, used 143607K [0x0000000080000000, 0x0000000100000000)
  region size 1024K, 3 young (3072K), 3 survivors (3072K)
 Metaspace       used 107656K, committed 108672K, reserved 1179648K
  class space    used 14873K, committed 15360K, reserved 1048576K
}
Event: 416.400 GC heap before
{Heap before GC invocations=54 (full 0):
 garbage-first heap   total 203776K, used 171255K [0x0000000080000000, 0x0000000100000000)
  region size 1024K, 31 young (31744K), 3 survivors (3072K)
 Metaspace       used 107730K, committed 108736K, reserved 1179648K
  class space    used 14881K, committed 15360K, reserved 1048576K
}
Event: 416.405 GC heap after
{Heap after GC invocations=55 (full 0):
 garbage-first heap   total 203776K, used 144678K [0x0000000080000000, 0x0000000100000000)
  region size 1024K, 4 young (4096K), 4 survivors (4096K)
 Metaspace       used 107730K, committed 108736K, reserved 1179648K
  class space    used 14881K, committed 15360K, reserved 1048576K
}
Event: 830.368 GC heap before
{Heap before GC invocations=55 (full 0):
 garbage-first heap   total 203776K, used 174374K [0x0000000080000000, 0x0000000100000000)
  region size 1024K, 33 young (33792K), 4 survivors (4096K)
 Metaspace       used 107820K, committed 108800K, reserved 1179648K
  class space    used 14885K, committed 15360K, reserved 1048576K
}
Event: 830.422 GC heap after
{Heap after GC invocations=56 (full 0):
 garbage-first heap   total 203776K, used 145343K [0x0000000080000000, 0x0000000100000000)
  region size 1024K, 3 young (3072K), 3 survivors (3072K)
 Metaspace       used 107820K, committed 108800K, reserved 1179648K
  class space    used 14885K, committed 15360K, reserved 1048576K
}

